<?xml version="1.0" encoding="UTF-8" ?>
<testsuite errors="0" failures="1" hostname="090020-P33S13" name="br.mackenzie.mackplay.UsuarioTest" tests="3" time="0.581" timestamp="2014-11-17T23:23:51">
  <properties>
[...]
</properties>
  <testcase classname="br.mackenzie.mackplay.UsuarioTest" name="testaUsuarioLoginOK" time="0.001" />
  <testcase classname="br.mackenzie.mackplay.UsuarioTest" name="testaUsuarioLoginNOK" time="0.0" />
  <testcase classname="br.mackenzie.mackplay.UsuarioTest" name="testaUsuarioAlteraSenha" time="0.015">
    <failure type="junit.framework.AssertionFailedError">junit.framework.AssertionFailedError
	at br.mackenzie.mackplay.UsuarioTest.testaUsuarioAlteraSenha(UsuarioTest.java:42)
</failure>
  </testcase>
  <system-out><![CDATA[]]></system-out>
  <system-err><![CDATA[]]></system-err>
</testsuite>
